<?xml version="1.0" encoding="UTF-8"?>
<testsuites tests="49" failures="2" disabled="0" errors="0" time="4.582" timestamp="2021-05-05T20:18:42" name="AllTests">
  <testsuite name="GameElement" tests="4" failures="0" disabled="0" errors="0" time="0.002" timestamp="2021-05-05T20:18:42">
    <testcase name="DefaultConstructor" status="run" result="completed" time="0" timestamp="2021-05-05T20:18:42" classname="GameElement" />
    <testcase name="ParametrizedConstructor" status="run" result="completed" time="0" timestamp="2021-05-05T20:18:42" classname="GameElement" />
    <testcase name="IntersectsWithGameElement" status="run" result="completed" time="0" timestamp="2021-05-05T20:18:42" classname="GameElement" />
    <testcase name="IsOutOfBounds" status="run" result="completed" time="0" timestamp="2021-05-05T20:18:42" classname="GameElement" />
  </testsuite>
  <testsuite name="Opponent" tests="6" failures="0" disabled="0" errors="0" time="0.375" timestamp="2021-05-05T20:18:42">
    <testcase name="InheritsFromGameElement" status="run" result="completed" time="0" timestamp="2021-05-05T20:18:42" classname="Opponent" />
    <testcase name="DefaultConstructor" status="run" result="completed" time="0" timestamp="2021-05-05T20:18:42" classname="Opponent" />
    <testcase name="ParemterizedConstructor" status="run" result="completed" time="0" timestamp="2021-05-05T20:18:42" classname="Opponent" />
    <testcase name="Draw" status="run" result="completed" time="0.33" timestamp="2021-05-05T20:18:42" classname="Opponent" />
    <testcase name="Move" status="run" result="completed" time="0.045" timestamp="2021-05-05T20:18:42" classname="Opponent" />
    <testcase name="LaunchProjectile" status="run" result="completed" time="0" timestamp="2021-05-05T20:18:42" classname="Opponent" />
  </testsuite>
  <testsuite name="OpponentProjectile" tests="5" failures="0" disabled="0" errors="0" time="0.234" timestamp="2021-05-05T20:18:42">
    <testcase name="InheritsFromGameElement" status="run" result="completed" time="0" timestamp="2021-05-05T20:18:42" classname="OpponentProjectile" />
    <testcase name="DefaultConstructor" status="run" result="completed" time="0" timestamp="2021-05-05T20:18:42" classname="OpponentProjectile" />
    <testcase name="ParemterizedConstructor" status="run" result="completed" time="0" timestamp="2021-05-05T20:18:42" classname="OpponentProjectile" />
    <testcase name="Draw" status="run" result="completed" time="0.231" timestamp="2021-05-05T20:18:42" classname="OpponentProjectile" />
    <testcase name="Move" status="run" result="completed" time="0.002" timestamp="2021-05-05T20:18:43" classname="OpponentProjectile" />
  </testsuite>
  <testsuite name="Player" tests="6" failures="0" disabled="0" errors="0" time="0.23" timestamp="2021-05-05T20:18:43">
    <testcase name="InheritsFromGameElement" status="run" result="completed" time="0" timestamp="2021-05-05T20:18:43" classname="Player" />
    <testcase name="DefaultConstructor" status="run" result="completed" time="0" timestamp="2021-05-05T20:18:43" classname="Player" />
    <testcase name="ParemterizedConstructor" status="run" result="completed" time="0" timestamp="2021-05-05T20:18:43" classname="Player" />
    <testcase name="Draw" status="run" result="completed" time="0.229" timestamp="2021-05-05T20:18:43" classname="Player" />
    <testcase name="IntersectsWithOpponentsAndProjectiles" status="run" result="completed" time="0" timestamp="2021-05-05T20:18:43" classname="Player" />
    <testcase name="Move" status="run" result="completed" time="0" timestamp="2021-05-05T20:18:43" classname="Player" />
  </testsuite>
  <testsuite name="PlayerProjectile" tests="6" failures="0" disabled="0" errors="0" time="0.229" timestamp="2021-05-05T20:18:43">
    <testcase name="InheritsFromGameElement" status="run" result="completed" time="0" timestamp="2021-05-05T20:18:43" classname="PlayerProjectile" />
    <testcase name="DefaultConstructor" status="run" result="completed" time="0" timestamp="2021-05-05T20:18:43" classname="PlayerProjectile" />
    <testcase name="ParemterizedConstructor" status="run" result="completed" time="0" timestamp="2021-05-05T20:18:43" classname="PlayerProjectile" />
    <testcase name="Draw" status="run" result="completed" time="0.229" timestamp="2021-05-05T20:18:43" classname="PlayerProjectile" />
    <testcase name="IntersectsWithOpponent" status="run" result="completed" time="0" timestamp="2021-05-05T20:18:43" classname="PlayerProjectile" />
    <testcase name="Move" status="run" result="completed" time="0" timestamp="2021-05-05T20:18:43" classname="PlayerProjectile" />
  </testsuite>
  <testsuite name="Game" tests="22" failures="2" disabled="0" errors="0" time="3.508" timestamp="2021-05-05T20:18:43">
    <testcase name="DefaultConstructor" status="run" result="completed" time="0" timestamp="2021-05-05T20:18:43" classname="Game" />
    <testcase name="ParametrizedConstructor" status="run" result="completed" time="0" timestamp="2021-05-05T20:18:43" classname="Game" />
    <testcase name="CreateOpponents" status="run" result="completed" time="0.012" timestamp="2021-05-05T20:18:43" classname="Game" />
    <testcase name="MoveActiveGameElements" status="run" result="completed" time="0.113" timestamp="2021-05-05T20:18:43" classname="Game" />
    <testcase name="MoveInActiveGameElements" status="run" result="completed" time="0.018" timestamp="2021-05-05T20:18:43" classname="Game" />
    <testcase name="LaunchProjectiles" status="run" result="completed" time="0.107" timestamp="2021-05-05T20:18:43" classname="Game">
      <failure message="../settings/unittest.cc:548&#x0A;Death test: (LaunchProjectiles(),exit(0))&#x0A;    Result: died but not with expected exit code:&#x0A;            Exited with exit status 1&#x0A;Actual msg:&#x0A;[  DEATH   ] AddressSanitizer:DEADLYSIGNAL&#x0A;[  DEATH   ] =================================================================&#x0A;[  DEATH   ] ==3576==ERROR: AddressSanitizer: SEGV on unknown address 0x000000000008 (pc 0x0000004dee4a bp 0x7ffc3bd70c30 sp 0x7ffc3bd70c10 T0)&#x0A;[  DEATH   ] ==3576==The signal is caused by a WRITE memory access.&#x0A;[  DEATH   ] ==3576==Hint: address points to the zero page.&#x0A;[  DEATH   ]     #0 0x4dee4a in GameElement::SetX(int) (/home/student/siligame-05-vuvictor1/tools/output/unittest+0x4dee4a)&#x0A;[  DEATH   ]     #1 0x4e3399 in Game::LaunchProjectiles() (/home/student/siligame-05-vuvictor1/tools/output/unittest+0x4e3399)&#x0A;[  DEATH   ]     #2 0x6c1aef in LaunchProjectiles() (/home/student/siligame-05-vuvictor1/tools/output/unittest+0x6c1aef)&#x0A;[  DEATH   ]     #3 0x6c257a in Game_LaunchProjectiles_Test::TestBody() (/home/student/siligame-05-vuvictor1/tools/output/unittest+0x6c257a)&#x0A;[  DEATH   ]     #4 0x73f350 in void testing::internal::HandleSehExceptionsInMethodIfSupported&lt;testing::Test, void&gt;(testing::Test*, void (testing::Test::*)(), char const*) obj-x86_64-linux-gnu/googletest/./googletest/src/gtest.cc:2433:27&#x0A;[  DEATH   ]     #5 0x73f350 in void testing::internal::HandleExceptionsInMethodIfSupported&lt;testing::Test, void&gt;(testing::Test*, void (testing::Test::*)(), char const*) obj-x86_64-linux-gnu/googletest/./googletest/src/gtest.cc:2469:52&#x0A;[  DEATH   ]     #6 0x733565 in testing::Test::Run() obj-x86_64-linux-gnu/googletest/./googletest/src/gtest.cc:2508:50&#x0A;[  DEATH   ]     #7 0x733565 in testing::Test::Run() obj-x86_64-linux-gnu/googletest/./googletest/src/gtest.cc:2498:6&#x0A;[  DEATH   ]     #8 0x7336c4 in testing::TestInfo::Run() obj-x86_64-linux-gnu/googletest/./googletest/src/gtest.cc:2684:14&#x0A;[  DEATH   ]     #9 0x7336c4 in testing::TestInfo::Run() obj-x86_64-linux-gnu/googletest/./googletest/src/gtest.cc:2657:6&#x0A;[  DEATH   ]     #10 0x7337ac in testing::TestSuite::Run() obj-x86_64-linux-gnu/googletest/./googletest/src/gtest.cc:2816:31&#x0A;[  DEATH   ]     #11 0x7337ac in testing::TestSuite::Run() obj-x86_64-linux-gnu/googletest/./googletest/src/gtest.cc:2795:6&#x0A;[  DEATH   ]     #12 0x733ccb in testing::internal::UnitTestImpl::RunAllTests() obj-x86_64-linux-gnu/googletest/./googletest/src/gtest.cc:5338:47&#x0A;[  DEATH   ]     #13 0x73f8c0 in bool testing::internal::HandleSehExceptionsInMethodIfSupported&lt;testing::internal::UnitTestImpl, bool&gt;(testing::internal::UnitTestImpl*, bool (testing::internal::UnitTestImpl::*)(), char const*) obj-x86_64-linux-gnu/googletest/./googletest/src/gtest.cc:2433:27&#x0A;[  DEATH   ]     #14 0x73f8c0 in bool testing::internal::HandleExceptionsInMethodIfSupported&lt;testing::internal::UnitTestImpl, bool&gt;(testing::internal::UnitTestImpl*, bool (testing::internal::UnitTestImpl::*)(), char const*) obj-x86_64-linux-gnu/googletest/./googletest/src/gtest.cc:2469:52&#x0A;[  DEATH   ]     #15 0x733efb in testing::UnitTest::Run() obj-x86_64-linux-gnu/googletest/./googletest/src/gtest.cc:4925:55&#x0A;[  DEATH   ]     #16 0x6f35e0 in RUN_ALL_TESTS() (/home/student/siligame-05-vuvictor1/tools/output/unittest+0x6f35e0)&#x0A;[  DEATH   ]     #17 0x6e8f41 in main (/home/student/siligame-05-vuvictor1/tools/output/unittest+0x6e8f41)&#x0A;[  DEATH   ]     #18 0x7f1fe60920b2 in __libc_start_main /build/glibc-YYA7BZ/glibc-2.31/csu/../csu/libc-start.c:308:16&#x0A;[  DEATH   ]     #19 0x43346d in _start (/home/student/siligame-05-vuvictor1/tools/output/unittest+0x43346d)&#x0A;[  DEATH   ] &#x0A;[  DEATH   ] AddressSanitizer can not provide additional info.&#x0A;[  DEATH   ] SUMMARY: AddressSanitizer: SEGV (/home/student/siligame-05-vuvictor1/tools/output/unittest+0x4dee4a) in GameElement::SetX(int)&#x0A;[  DEATH   ] ==3576==ABORTING&#x0A;[  DEATH   ] &#x0A;    Should not crash or infinitely loop." type=""><![CDATA[../settings/unittest.cc:548
Death test: (LaunchProjectiles(),exit(0))
    Result: died but not with expected exit code:
            Exited with exit status 1
Actual msg:
[  DEATH   ] AddressSanitizer:DEADLYSIGNAL
[  DEATH   ] =================================================================
[  DEATH   ] ==3576==ERROR: AddressSanitizer: SEGV on unknown address 0x000000000008 (pc 0x0000004dee4a bp 0x7ffc3bd70c30 sp 0x7ffc3bd70c10 T0)
[  DEATH   ] ==3576==The signal is caused by a WRITE memory access.
[  DEATH   ] ==3576==Hint: address points to the zero page.
[  DEATH   ]     #0 0x4dee4a in GameElement::SetX(int) (/home/student/siligame-05-vuvictor1/tools/output/unittest+0x4dee4a)
[  DEATH   ]     #1 0x4e3399 in Game::LaunchProjectiles() (/home/student/siligame-05-vuvictor1/tools/output/unittest+0x4e3399)
[  DEATH   ]     #2 0x6c1aef in LaunchProjectiles() (/home/student/siligame-05-vuvictor1/tools/output/unittest+0x6c1aef)
[  DEATH   ]     #3 0x6c257a in Game_LaunchProjectiles_Test::TestBody() (/home/student/siligame-05-vuvictor1/tools/output/unittest+0x6c257a)
[  DEATH   ]     #4 0x73f350 in void testing::internal::HandleSehExceptionsInMethodIfSupported<testing::Test, void>(testing::Test*, void (testing::Test::*)(), char const*) obj-x86_64-linux-gnu/googletest/./googletest/src/gtest.cc:2433:27
[  DEATH   ]     #5 0x73f350 in void testing::internal::HandleExceptionsInMethodIfSupported<testing::Test, void>(testing::Test*, void (testing::Test::*)(), char const*) obj-x86_64-linux-gnu/googletest/./googletest/src/gtest.cc:2469:52
[  DEATH   ]     #6 0x733565 in testing::Test::Run() obj-x86_64-linux-gnu/googletest/./googletest/src/gtest.cc:2508:50
[  DEATH   ]     #7 0x733565 in testing::Test::Run() obj-x86_64-linux-gnu/googletest/./googletest/src/gtest.cc:2498:6
[  DEATH   ]     #8 0x7336c4 in testing::TestInfo::Run() obj-x86_64-linux-gnu/googletest/./googletest/src/gtest.cc:2684:14
[  DEATH   ]     #9 0x7336c4 in testing::TestInfo::Run() obj-x86_64-linux-gnu/googletest/./googletest/src/gtest.cc:2657:6
[  DEATH   ]     #10 0x7337ac in testing::TestSuite::Run() obj-x86_64-linux-gnu/googletest/./googletest/src/gtest.cc:2816:31
[  DEATH   ]     #11 0x7337ac in testing::TestSuite::Run() obj-x86_64-linux-gnu/googletest/./googletest/src/gtest.cc:2795:6
[  DEATH   ]     #12 0x733ccb in testing::internal::UnitTestImpl::RunAllTests() obj-x86_64-linux-gnu/googletest/./googletest/src/gtest.cc:5338:47
[  DEATH   ]     #13 0x73f8c0 in bool testing::internal::HandleSehExceptionsInMethodIfSupported<testing::internal::UnitTestImpl, bool>(testing::internal::UnitTestImpl*, bool (testing::internal::UnitTestImpl::*)(), char const*) obj-x86_64-linux-gnu/googletest/./googletest/src/gtest.cc:2433:27
[  DEATH   ]     #14 0x73f8c0 in bool testing::internal::HandleExceptionsInMethodIfSupported<testing::internal::UnitTestImpl, bool>(testing::internal::UnitTestImpl*, bool (testing::internal::UnitTestImpl::*)(), char const*) obj-x86_64-linux-gnu/googletest/./googletest/src/gtest.cc:2469:52
[  DEATH   ]     #15 0x733efb in testing::UnitTest::Run() obj-x86_64-linux-gnu/googletest/./googletest/src/gtest.cc:4925:55
[  DEATH   ]     #16 0x6f35e0 in RUN_ALL_TESTS() (/home/student/siligame-05-vuvictor1/tools/output/unittest+0x6f35e0)
[  DEATH   ]     #17 0x6e8f41 in main (/home/student/siligame-05-vuvictor1/tools/output/unittest+0x6e8f41)
[  DEATH   ]     #18 0x7f1fe60920b2 in __libc_start_main /build/glibc-YYA7BZ/glibc-2.31/csu/../csu/libc-start.c:308:16
[  DEATH   ]     #19 0x43346d in _start (/home/student/siligame-05-vuvictor1/tools/output/unittest+0x43346d)
[  DEATH   ] 
[  DEATH   ] AddressSanitizer can not provide additional info.
[  DEATH   ] SUMMARY: AddressSanitizer: SEGV (/home/student/siligame-05-vuvictor1/tools/output/unittest+0x4dee4a) in GameElement::SetX(int)
[  DEATH   ] ==3576==ABORTING
[  DEATH   ] 
    Should not crash or infinitely loop.]]></failure>
    </testcase>
    <testcase name="FilterIntersectionsWithOpponentProjectile" status="run" result="completed" time="0.019" timestamp="2021-05-05T20:18:43" classname="Game" />
    <testcase name="FilterIntersectionsWithOpponentProjectileNoIntersect" status="run" result="completed" time="0.023" timestamp="2021-05-05T20:18:43" classname="Game" />
    <testcase name="FilterIntersectionsWithOpponent" status="run" result="completed" time="0.013" timestamp="2021-05-05T20:18:43" classname="Game" />
    <testcase name="FilterIntersectionsWithOpponentNoIntersect" status="run" result="completed" time="0.023" timestamp="2021-05-05T20:18:43" classname="Game" />
    <testcase name="Score" status="run" result="completed" time="0.024" timestamp="2021-05-05T20:18:43" classname="Game" />
    <testcase name="ScoreInactivePlayer" status="run" result="completed" time="0.013" timestamp="2021-05-05T20:18:43" classname="Game" />
    <testcase name="RemoveInactive" status="run" result="completed" time="0.023" timestamp="2021-05-05T20:18:43" classname="Game" />
    <testcase name="Init" status="run" result="completed" time="0.022" timestamp="2021-05-05T20:18:43" classname="Game" />
    <testcase name="UpdateScreen" status="run" result="completed" time="0.797" timestamp="2021-05-05T20:18:43" classname="Game" />
    <testcase name="UpdateScreenNoElements" status="run" result="completed" time="1.601" timestamp="2021-05-05T20:18:44" classname="Game" />
    <testcase name="OnAnimationStep" status="run" result="completed" time="0.308" timestamp="2021-05-05T20:18:46" classname="Game" />
    <testcase name="OnAnimationStepProjectiles" status="run" result="completed" time="0.265" timestamp="2021-05-05T20:18:46" classname="Game">
      <failure message="../settings/unittest.cc:1044&#x0A;Death test: (OnAnimationStepProjectiles(),exit(0))&#x0A;    Result: died but not with expected exit code:&#x0A;            Exited with exit status 1&#x0A;Actual msg:&#x0A;[  DEATH   ] AddressSanitizer:DEADLYSIGNAL&#x0A;[  DEATH   ] =================================================================&#x0A;[  DEATH   ] ==3600==ERROR: AddressSanitizer: SEGV on unknown address 0x000000000008 (pc 0x0000004dee4a bp 0x7ffc3bd70b10 sp 0x7ffc3bd70af0 T0)&#x0A;[  DEATH   ] ==3600==The signal is caused by a WRITE memory access.&#x0A;[  DEATH   ] ==3600==Hint: address points to the zero page.&#x0A;[  DEATH   ]     #0 0x4dee4a in GameElement::SetX(int) (/home/student/siligame-05-vuvictor1/tools/output/unittest+0x4dee4a)&#x0A;[  DEATH   ]     #1 0x4e3399 in Game::LaunchProjectiles() (/home/student/siligame-05-vuvictor1/tools/output/unittest+0x4e3399)&#x0A;[  DEATH   ]     #2 0x4e310a in Game::OnAnimationStep() (/home/student/siligame-05-vuvictor1/tools/output/unittest+0x4e310a)&#x0A;[  DEATH   ]     #3 0x6e161f in OnAnimationStepProjectiles() (/home/student/siligame-05-vuvictor1/tools/output/unittest+0x6e161f)&#x0A;[  DEATH   ]     #4 0x6e211a in Game_OnAnimationStepProjectiles_Test::TestBody() (/home/student/siligame-05-vuvictor1/tools/output/unittest+0x6e211a)&#x0A;[  DEATH   ]     #5 0x73f350 in void testing::internal::HandleSehExceptionsInMethodIfSupported&lt;testing::Test, void&gt;(testing::Test*, void (testing::Test::*)(), char const*) obj-x86_64-linux-gnu/googletest/./googletest/src/gtest.cc:2433:27&#x0A;[  DEATH   ]     #6 0x73f350 in void testing::internal::HandleExceptionsInMethodIfSupported&lt;testing::Test, void&gt;(testing::Test*, void (testing::Test::*)(), char const*) obj-x86_64-linux-gnu/googletest/./googletest/src/gtest.cc:2469:52&#x0A;[  DEATH   ]     #7 0x733565 in testing::Test::Run() obj-x86_64-linux-gnu/googletest/./googletest/src/gtest.cc:2508:50&#x0A;[  DEATH   ]     #8 0x733565 in testing::Test::Run() obj-x86_64-linux-gnu/googletest/./googletest/src/gtest.cc:2498:6&#x0A;[  DEATH   ]     #9 0x7336c4 in testing::TestInfo::Run() obj-x86_64-linux-gnu/googletest/./googletest/src/gtest.cc:2684:14&#x0A;[  DEATH   ]     #10 0x7336c4 in testing::TestInfo::Run() obj-x86_64-linux-gnu/googletest/./googletest/src/gtest.cc:2657:6&#x0A;[  DEATH   ]     #11 0x7337ac in testing::TestSuite::Run() obj-x86_64-linux-gnu/googletest/./googletest/src/gtest.cc:2816:31&#x0A;[  DEATH   ]     #12 0x7337ac in testing::TestSuite::Run() obj-x86_64-linux-gnu/googletest/./googletest/src/gtest.cc:2795:6&#x0A;[  DEATH   ]     #13 0x733ccb in testing::internal::UnitTestImpl::RunAllTests() obj-x86_64-linux-gnu/googletest/./googletest/src/gtest.cc:5338:47&#x0A;[  DEATH   ]     #14 0x73f8c0 in bool testing::internal::HandleSehExceptionsInMethodIfSupported&lt;testing::internal::UnitTestImpl, bool&gt;(testing::internal::UnitTestImpl*, bool (testing::internal::UnitTestImpl::*)(), char const*) obj-x86_64-linux-gnu/googletest/./googletest/src/gtest.cc:2433:27&#x0A;[  DEATH   ]     #15 0x73f8c0 in bool testing::internal::HandleExceptionsInMethodIfSupported&lt;testing::internal::UnitTestImpl, bool&gt;(testing::internal::UnitTestImpl*, bool (testing::internal::UnitTestImpl::*)(), char const*) obj-x86_64-linux-gnu/googletest/./googletest/src/gtest.cc:2469:52&#x0A;[  DEATH   ]     #16 0x733efb in testing::UnitTest::Run() obj-x86_64-linux-gnu/googletest/./googletest/src/gtest.cc:4925:55&#x0A;[  DEATH   ]     #17 0x6f35e0 in RUN_ALL_TESTS() (/home/student/siligame-05-vuvictor1/tools/output/unittest+0x6f35e0)&#x0A;[  DEATH   ]     #18 0x6e8f41 in main (/home/student/siligame-05-vuvictor1/tools/output/unittest+0x6e8f41)&#x0A;[  DEATH   ]     #19 0x7f1fe60920b2 in __libc_start_main /build/glibc-YYA7BZ/glibc-2.31/csu/../csu/libc-start.c:308:16&#x0A;[  DEATH   ]     #20 0x43346d in _start (/home/student/siligame-05-vuvictor1/tools/output/unittest+0x43346d)&#x0A;[  DEATH   ] &#x0A;[  DEATH   ] AddressSanitizer can not provide additional info.&#x0A;[  DEATH   ] SUMMARY: AddressSanitizer: SEGV (/home/student/siligame-05-vuvictor1/tools/output/unittest+0x4dee4a) in GameElement::SetX(int)&#x0A;[  DEATH   ] ==3600==ABORTING&#x0A;[  DEATH   ] &#x0A;    Should not crash or infinitely loop." type=""><![CDATA[../settings/unittest.cc:1044
Death test: (OnAnimationStepProjectiles(),exit(0))
    Result: died but not with expected exit code:
            Exited with exit status 1
Actual msg:
[  DEATH   ] AddressSanitizer:DEADLYSIGNAL
[  DEATH   ] =================================================================
[  DEATH   ] ==3600==ERROR: AddressSanitizer: SEGV on unknown address 0x000000000008 (pc 0x0000004dee4a bp 0x7ffc3bd70b10 sp 0x7ffc3bd70af0 T0)
[  DEATH   ] ==3600==The signal is caused by a WRITE memory access.
[  DEATH   ] ==3600==Hint: address points to the zero page.
[  DEATH   ]     #0 0x4dee4a in GameElement::SetX(int) (/home/student/siligame-05-vuvictor1/tools/output/unittest+0x4dee4a)
[  DEATH   ]     #1 0x4e3399 in Game::LaunchProjectiles() (/home/student/siligame-05-vuvictor1/tools/output/unittest+0x4e3399)
[  DEATH   ]     #2 0x4e310a in Game::OnAnimationStep() (/home/student/siligame-05-vuvictor1/tools/output/unittest+0x4e310a)
[  DEATH   ]     #3 0x6e161f in OnAnimationStepProjectiles() (/home/student/siligame-05-vuvictor1/tools/output/unittest+0x6e161f)
[  DEATH   ]     #4 0x6e211a in Game_OnAnimationStepProjectiles_Test::TestBody() (/home/student/siligame-05-vuvictor1/tools/output/unittest+0x6e211a)
[  DEATH   ]     #5 0x73f350 in void testing::internal::HandleSehExceptionsInMethodIfSupported<testing::Test, void>(testing::Test*, void (testing::Test::*)(), char const*) obj-x86_64-linux-gnu/googletest/./googletest/src/gtest.cc:2433:27
[  DEATH   ]     #6 0x73f350 in void testing::internal::HandleExceptionsInMethodIfSupported<testing::Test, void>(testing::Test*, void (testing::Test::*)(), char const*) obj-x86_64-linux-gnu/googletest/./googletest/src/gtest.cc:2469:52
[  DEATH   ]     #7 0x733565 in testing::Test::Run() obj-x86_64-linux-gnu/googletest/./googletest/src/gtest.cc:2508:50
[  DEATH   ]     #8 0x733565 in testing::Test::Run() obj-x86_64-linux-gnu/googletest/./googletest/src/gtest.cc:2498:6
[  DEATH   ]     #9 0x7336c4 in testing::TestInfo::Run() obj-x86_64-linux-gnu/googletest/./googletest/src/gtest.cc:2684:14
[  DEATH   ]     #10 0x7336c4 in testing::TestInfo::Run() obj-x86_64-linux-gnu/googletest/./googletest/src/gtest.cc:2657:6
[  DEATH   ]     #11 0x7337ac in testing::TestSuite::Run() obj-x86_64-linux-gnu/googletest/./googletest/src/gtest.cc:2816:31
[  DEATH   ]     #12 0x7337ac in testing::TestSuite::Run() obj-x86_64-linux-gnu/googletest/./googletest/src/gtest.cc:2795:6
[  DEATH   ]     #13 0x733ccb in testing::internal::UnitTestImpl::RunAllTests() obj-x86_64-linux-gnu/googletest/./googletest/src/gtest.cc:5338:47
[  DEATH   ]     #14 0x73f8c0 in bool testing::internal::HandleSehExceptionsInMethodIfSupported<testing::internal::UnitTestImpl, bool>(testing::internal::UnitTestImpl*, bool (testing::internal::UnitTestImpl::*)(), char const*) obj-x86_64-linux-gnu/googletest/./googletest/src/gtest.cc:2433:27
[  DEATH   ]     #15 0x73f8c0 in bool testing::internal::HandleExceptionsInMethodIfSupported<testing::internal::UnitTestImpl, bool>(testing::internal::UnitTestImpl*, bool (testing::internal::UnitTestImpl::*)(), char const*) obj-x86_64-linux-gnu/googletest/./googletest/src/gtest.cc:2469:52
[  DEATH   ]     #16 0x733efb in testing::UnitTest::Run() obj-x86_64-linux-gnu/googletest/./googletest/src/gtest.cc:4925:55
[  DEATH   ]     #17 0x6f35e0 in RUN_ALL_TESTS() (/home/student/siligame-05-vuvictor1/tools/output/unittest+0x6f35e0)
[  DEATH   ]     #18 0x6e8f41 in main (/home/student/siligame-05-vuvictor1/tools/output/unittest+0x6e8f41)
[  DEATH   ]     #19 0x7f1fe60920b2 in __libc_start_main /build/glibc-YYA7BZ/glibc-2.31/csu/../csu/libc-start.c:308:16
[  DEATH   ]     #20 0x43346d in _start (/home/student/siligame-05-vuvictor1/tools/output/unittest+0x43346d)
[  DEATH   ] 
[  DEATH   ] AddressSanitizer can not provide additional info.
[  DEATH   ] SUMMARY: AddressSanitizer: SEGV (/home/student/siligame-05-vuvictor1/tools/output/unittest+0x4dee4a) in GameElement::SetX(int)
[  DEATH   ] ==3600==ABORTING
[  DEATH   ] 
    Should not crash or infinitely loop.]]></failure>
    </testcase>
    <testcase name="OnMouseEvent" status="run" result="completed" time="0.024" timestamp="2021-05-05T20:18:46" classname="Game" />
    <testcase name="OnMouseEventDragged" status="run" result="completed" time="0.03" timestamp="2021-05-05T20:18:46" classname="Game" />
    <testcase name="OnMouseEventPressed" status="run" result="completed" time="0.03" timestamp="2021-05-05T20:18:46" classname="Game" />
    <testcase name="OnMouseEventOutOfBounds" status="run" result="completed" time="0.032" timestamp="2021-05-05T20:18:46" classname="Game" />
  </testsuite>
</testsuites>
